/*C3*/SET SCHEMA PUBLIC
alter table recipes drop constraint FKbc872hbokhjowevc6bc8r5aw1
alter table recipes drop constraint FK93869qrii4b337oj7ouc8ravt
drop table doctors if exists
drop table patients if exists
drop table recipes if exists
create table doctors (id bigint generated by default as identity (start with 1), first_name varchar(255), last_name varchar(255), middle_name varchar(255), specialization varchar(255), primary key (id))
create table patients (id bigint generated by default as identity (start with 1), first_name varchar(255), last_name varchar(255), middle_name varchar(255), phone_number varchar(255), primary key (id))
create table recipes (id bigint generated by default as identity (start with 1), creationDate date, description varchar(255), priority integer, runOfValidity date, doctor bigint not null, patient bigint not null, primary key (id))
alter table recipes add constraint FKbc872hbokhjowevc6bc8r5aw1 foreign key (doctor) references doctors
alter table recipes add constraint FK93869qrii4b337oj7ouc8ravt foreign key (patient) references patients
INSERT INTO PATIENTS VALUES(1,'\u043f\u0440\u043f\u0430\u0440','\u043f\u0430\u0440\u043f\u0430\u0440','\u043f\u0430\u0440\u043f\u0430','3453444444')
COMMIT
INSERT INTO DOCTORS VALUES(1,'\u0432\u0430\u043f','\u0430\u0432\u043f','\u0430\u0432\u043f\u0430\u0432','\u043f\u044b\u0432\u0430\u043f')
COMMIT
INSERT INTO RECIPES VALUES(1,'2018-08-16','\u043f\u0430\u0432\u043f',1,'2018-08-17',1,1)
COMMIT
DELETE FROM RECIPES WHERE ID=1
COMMIT
DELETE FROM DOCTORS WHERE ID=1
COMMIT
DELETE FROM PATIENTS WHERE ID=1
COMMIT
